c:\users\ben\source\repos\csc8503 physics ai networking\openglrendering\openglrendering.dir\debug\cmake_pch.pch
c:\users\ben\source\repos\csc8503 physics ai networking\openglrendering\debug\openglrendering.pdb
c:\users\ben\source\repos\csc8503 physics ai networking\openglrendering\openglrendering.dir\debug\cmake_pch.obj
c:\users\ben\source\repos\csc8503 physics ai networking\openglrendering\openglrendering.dir\debug\ogltexture.h.obj
c:\users\ben\source\repos\csc8503 physics ai networking\openglrendering\openglrendering.dir\debug\oglshader.h.obj
c:\users\ben\source\repos\csc8503 physics ai networking\openglrendering\openglrendering.dir\debug\oglrenderer.h.obj
c:\users\ben\source\repos\csc8503 physics ai networking\openglrendering\openglrendering.dir\debug\oglmesh.h.obj
c:\users\ben\source\repos\csc8503 physics ai networking\openglrendering\openglrendering.dir\debug\oglcomputeshader.h.obj
c:\users\ben\source\repos\csc8503 physics ai networking\openglrendering\openglrendering.dir\debug\ogltexture.cpp.obj
c:\users\ben\source\repos\csc8503 physics ai networking\openglrendering\openglrendering.dir\debug\oglshader.cpp.obj
c:\users\ben\source\repos\csc8503 physics ai networking\openglrendering\openglrendering.dir\debug\oglrenderer.cpp.obj
c:\users\ben\source\repos\csc8503 physics ai networking\openglrendering\openglrendering.dir\debug\oglmesh.cpp.obj
c:\users\ben\source\repos\csc8503 physics ai networking\openglrendering\openglrendering.dir\debug\oglcomputeshader.cpp.obj
c:\users\ben\source\repos\csc8503 physics ai networking\openglrendering\openglrendering.dir\debug\glad\gl.h.obj
c:\users\ben\source\repos\csc8503 physics ai networking\openglrendering\openglrendering.dir\debug\glad\gl.c.obj
c:\users\ben\source\repos\csc8503 physics ai networking\openglrendering\cmakefiles\generate.stamp
c:\users\ben\source\repos\csc8503 physics ai networking\openglrendering\debug\openglrendering.lib
c:\users\ben\source\repos\csc8503 physics ai networking\openglrendering\openglrendering.dir\debug\openglrendering.tlog\cl.command.1.tlog
c:\users\ben\source\repos\csc8503 physics ai networking\openglrendering\openglrendering.dir\debug\openglrendering.tlog\cl.items.tlog
c:\users\ben\source\repos\csc8503 physics ai networking\openglrendering\openglrendering.dir\debug\openglrendering.tlog\cl.read.1.tlog
c:\users\ben\source\repos\csc8503 physics ai networking\openglrendering\openglrendering.dir\debug\openglrendering.tlog\cl.write.1.tlog
c:\users\ben\source\repos\csc8503 physics ai networking\openglrendering\openglrendering.dir\debug\openglrendering.tlog\custombuild.command.1.tlog
c:\users\ben\source\repos\csc8503 physics ai networking\openglrendering\openglrendering.dir\debug\openglrendering.tlog\custombuild.read.1.tlog
c:\users\ben\source\repos\csc8503 physics ai networking\openglrendering\openglrendering.dir\debug\openglrendering.tlog\custombuild.write.1.tlog
c:\users\ben\source\repos\csc8503 physics ai networking\openglrendering\openglrendering.dir\debug\openglrendering.tlog\lib-link.read.1.tlog
c:\users\ben\source\repos\csc8503 physics ai networking\openglrendering\openglrendering.dir\debug\openglrendering.tlog\lib-link.write.1.tlog
c:\users\ben\source\repos\csc8503 physics ai networking\openglrendering\openglrendering.dir\debug\openglrendering.tlog\lib.command.1.tlog
